<?xml version="1.0" encoding="UTF-8"?>
<!-- Generated by org.testng.reporters.JUnitReportReporter -->
<testsuite hostname="BOOK-TB0HS12M3M" failures="0" tests="4" name="testpkg.Freshdaykarttest2" time="5.319" errors="0" timestamp="2024-03-27T22:46:50 IST" skipped="0">
  <testcase classname="testpkg.Freshdaykarttest2" name="clearCart" time="0.433"/>
  <testcase classname="testpkg.Freshdaykarttest2" name="addToCart" time="2.224"/>
  <testcase classname="testpkg.Freshdaykarttest2" name="checkOut" time="1.679"/>
  <testcase classname="testpkg.Freshdaykarttest2" name="shopingcontinue" time="0.983"/>
</testsuite> <!-- testpkg.Freshdaykarttest2 -->
