<?xml version="1.0" encoding="UTF-8"?>
<!-- Generated by org.testng.reporters.JUnitReportReporter -->
<testsuite hostname="BOOK-TB0HS12M3M" failures="0" tests="2" name="testpkg.Freshdaykarttest" time="6.088" errors="0" timestamp="2024-03-27T22:57:39 IST" skipped="1">
  <testcase classname="testpkg.Freshdaykarttest" name="logintst" time="6.088"/>
  <testcase classname="testpkg.Freshdaykarttest" name="getCellValue">
    <skipped/>
  </testcase> <!-- getCellValue -->
</testsuite> <!-- testpkg.Freshdaykarttest -->
