<?xml version="1.0" encoding="UTF-8"?>
<!-- Generated by org.testng.reporters.JUnitReportReporter -->
<testsuite hostname="BOOK-TB0HS12M3M" failures="0" tests="2" name="testpkg.Opencarttest" time="9.487" errors="0" timestamp="2024-03-20T19:05:00 IST" skipped="0">
  <testcase classname="testpkg.Opencarttest" name="getCellValue" time="1.996"/>
  <testcase classname="testpkg.Opencarttest" name="logintst" time="7.491"/>
</testsuite> <!-- testpkg.Opencarttest -->
