<?xml version="1.0" encoding="UTF-8"?>
<!-- Generated by org.testng.reporters.JUnitReportReporter -->
<testsuite hostname="BOOK-TB0HS12M3M" failures="0" tests="3" name="testpkg.Fdkarttest2" time="0.804" errors="0" timestamp="2024-03-27T23:13:36 IST" skipped="0">
  <testcase classname="testpkg.Fdkarttest2" name="searching" time="0.696"/>
  <testcase classname="testpkg.Fdkarttest2" name="TitleDomainURL" time="0.037"/>
  <testcase classname="testpkg.Fdkarttest2" name="numbroflinks" time="0.071"/>
</testsuite> <!-- testpkg.Fdkarttest2 -->
